<?xml version="1.0" encoding="UTF-8"?>
<testsuite name="CinemaTests" tests="1" skipped="0" failures="1" errors="0" timestamp="2022-07-26T00:58:49" hostname="DESKTOP-S3MUJV9" time="3.567">
  <properties/>
  <testcase name="start" classname="CinemaTests" time="3.567">
    <failure message="java.lang.AssertionError: Exception in test #1&#10;&#10;Cannot start Spring application&#10;&#10;org.springframework.beans.factory.UnsatisfiedDependencyException: Error creating bean with name 'cinemaController' defined in file [C:\Users\19412\Desktop\Cinema Room REST Service\Cinema Room REST Service\task\build\classes\java\main\cinema\controller\CinemaController.class]: Unsatisfied dependency expressed through constructor parameter 0; nested exception is org.springframework.beans.factory.NoSuchBeanDefinitionException: No qualifying bean of type 'cinema.model.Cinema' available: expected at least 1 bean which qualifies as autowire candidate. Dependency annotations: {}&#13;&#10;&#9;at org.springframework.beans.factory.support.ConstructorResolver.createArgumentArray(ConstructorResolver.java:800)&#13;&#10;&#9;at org.springframework.beans.factory.support.ConstructorResolver.autowireConstructor(ConstructorResolver.java:229)&#13;&#10;&#9;at org.springframework.beans.factory.support.AbstractAutowireCapableBeanFactory.autowireConstructor(AbstractAutowireCapableBeanFactory.java:1372)&#13;&#10;&#9;at org.springframework.beans.factory.support.AbstractAutowireCapableBeanFactory.createBeanInstance(AbstractAutowireCapableBeanFactory.java:1222)&#13;&#10;&#9;at org.springframework.beans.factory.support.AbstractAutowireCapableBeanFactory.doCreateBean(AbstractAutowireCapableBeanFactory.java:582)&#13;&#10;&#9;at org.springframework.beans.factory.support.AbstractAutowireCapableBeanFactory.createBean(AbstractAutowireCapableBeanFactory.java:542)&#13;&#10;&#9;at org.springframework.beans.factory.support.AbstractBeanFactory.lambda$doGetBean$0(AbstractBeanFactory.java:335)&#13;&#10;&#9;at org.springframework.beans.factory.support.DefaultSingletonBeanRegistry.getSingleton(DefaultSingletonBeanRegistry.java:234)&#13;&#10;&#9;at org.springframework.beans.factory.support.AbstractBeanFactory.doGetBean(AbstractBeanFactory.java:333)&#13;&#10;&#9;at org.springframework.beans.factory.support.AbstractBeanFactory.getBean(AbstractBeanFactory.java:208)&#13;&#10;&#9;at org.springframework.beans.factory.support.DefaultListableBeanFactory.preInstantiateSingletons(DefaultListableBeanFactory.java:944)&#13;&#10;&#9;at org.springframework.context.support.AbstractApplicationContext.finishBeanFactoryInitialization(AbstractApplicationContext.java:918)&#13;&#10;&#9;at org.springframework.context.support.AbstractApplicationContext.refresh(AbstractApplicationContext.java:583)&#13;&#10;&#9;at org.springframework.boot.web.servlet.context.ServletWebServerApplicationContext.refresh(ServletWebServerApplicationContext.java:145)&#13;&#10;&#9;at org.springframework.boot.SpringApplication.refresh(SpringApplication.java:754)&#13;&#10;&#9;at org.springframework.boot.SpringApplication.refreshContext(SpringApplication.java:434)&#13;&#10;&#9;at org.springframework.boot.SpringApplication.run(SpringApplication.java:338)&#13;&#10;&#9;at org.springframework.boot.SpringApplication.run(SpringApplication.java:1343)&#13;&#10;&#9;at org.springframework.boot.SpringApplication.run(SpringApplication.java:1332)&#13;&#10;&#9;at cinema.Main.main(Main.java:9)&#10;&#10;Please find below the output of your program during this failed test.&#10;&#10;---&#10;&#10;.   ____          _            __ _ _&#10; /\\ / ___'_ __ _ _(_)_ __  __ _ \ \ \ \&#10;( ( )\___ | '_ | '_| | '_ \/ _` | \ \ \ \&#10; \\/  ___)| |_)| | | | | || (_| |  ) ) ) )&#10;  '  |____| .__|_| |_|_| |_\__, | / / / /&#10; =========|_|==============|___/=/_/_/_/&#10; :: Spring Boot ::                (v2.5.6)&#10;&#10;2022-07-25 20:58:50.432  INFO 6840 --- [    Test worker] cinema.Main                              : Starting Main using Java 17.0.4 on DESKTOP-S3MUJV9 with PID 6840 (started by 19412 in C:\Users\19412\Desktop\Cinema Room REST Service\Cinema Room REST Service\task)&#10;2022-07-25 20:58:50.440  INFO 6840 --- [    Test worker] cinema.Main                              : No active profile set, falling back to default profiles: default&#10;2022-07-25 20:58:52.477  INFO 6840 --- [    Test worker] o.s.b.w.embedded.tomcat.TomcatWebServer  : Tomcat initialized with port(s): 28852 (http)&#10;2022-07-25 20:58:52.500  INFO 6840 --- [    Test worker] o.apache.catalina.core.StandardService   : Starting service [Tomcat]&#10;2022-07-25 20:58:52.500  INFO 6840 --- [    Test worker] org.apache.catalina.core.StandardEngine  : Starting Servlet engine: [Apache Tomcat/9.0.54]&#10;2022-07-25 20:58:52.642  INFO 6840 --- [    Test worker] o.a.c.c.C.[Tomcat].[localhost].[/]       : Initializing Spring embedded WebApplicationContext&#10;2022-07-25 20:58:52.642  INFO 6840 --- [    Test worker] w.s.c.ServletWebServerApplicationContext : Root WebApplicationContext: initialization completed in 2103 ms&#10;2022-07-25 20:58:52.962  WARN 6840 --- [    Test worker] ConfigServletWebServerApplicationContext : Exception encountered during context initialization - cancelling refresh attempt: org.springframework.beans.factory.UnsatisfiedDependencyException: Error creating bean with name 'cinemaController' defined in file [C:\Users\19412\Desktop\Cinema Room REST Service\Cinema Room REST Service\task\build\classes\java\main\cinema\controller\CinemaController.class]: Unsatisfied dependency expressed through constructor parameter 0; nested exception is org.springframework.beans.factory.NoSuchBeanDefinitionException: No qualifying bean of type 'cinema.model.Cinema' available: expected at least 1 bean which qualifies as autowire candidate. Dependency annotations: {}&#10;2022-07-25 20:58:52.970  INFO 6840 --- [    Test worker] o.apache.catalina.core.StandardService   : Stopping service [Tomcat]&#10;2022-07-25 20:58:52.996  INFO 6840 --- [    Test worker] ConditionEvaluationReportLoggingListener : &#10;&#10;Error starting ApplicationContext. To display the conditions report re-run your application with 'debug' enabled.&#10;2022-07-25 20:58:53.029 ERROR 6840 --- [    Test worker] o.s.b.d.LoggingFailureAnalysisReporter   : &#10;&#10;***************************&#10;APPLICATION FAILED TO START&#10;***************************&#10;&#10;Description:&#10;&#10;Parameter 0 of constructor in cinema.controller.CinemaController required a bean of type 'cinema.model.Cinema' that could not be found.&#10;&#10;&#10;Action:&#10;&#10;Consider defining a bean of type 'cinema.model.Cinema' in your configuration." type="java.lang.AssertionError">java.lang.AssertionError: Exception in test #1

Cannot start Spring application

org.springframework.beans.factory.UnsatisfiedDependencyException: Error creating bean with name 'cinemaController' defined in file [C:\Users\19412\Desktop\Cinema Room REST Service\Cinema Room REST Service\task\build\classes\java\main\cinema\controller\CinemaController.class]: Unsatisfied dependency expressed through constructor parameter 0; nested exception is org.springframework.beans.factory.NoSuchBeanDefinitionException: No qualifying bean of type 'cinema.model.Cinema' available: expected at least 1 bean which qualifies as autowire candidate. Dependency annotations: {}
	at org.springframework.beans.factory.support.ConstructorResolver.createArgumentArray(ConstructorResolver.java:800)
	at org.springframework.beans.factory.support.ConstructorResolver.autowireConstructor(ConstructorResolver.java:229)
	at org.springframework.beans.factory.support.AbstractAutowireCapableBeanFactory.autowireConstructor(AbstractAutowireCapableBeanFactory.java:1372)
	at org.springframework.beans.factory.support.AbstractAutowireCapableBeanFactory.createBeanInstance(AbstractAutowireCapableBeanFactory.java:1222)
	at org.springframework.beans.factory.support.AbstractAutowireCapableBeanFactory.doCreateBean(AbstractAutowireCapableBeanFactory.java:582)
	at org.springframework.beans.factory.support.AbstractAutowireCapableBeanFactory.createBean(AbstractAutowireCapableBeanFactory.java:542)
	at org.springframework.beans.factory.support.AbstractBeanFactory.lambda$doGetBean$0(AbstractBeanFactory.java:335)
	at org.springframework.beans.factory.support.DefaultSingletonBeanRegistry.getSingleton(DefaultSingletonBeanRegistry.java:234)
	at org.springframework.beans.factory.support.AbstractBeanFactory.doGetBean(AbstractBeanFactory.java:333)
	at org.springframework.beans.factory.support.AbstractBeanFactory.getBean(AbstractBeanFactory.java:208)
	at org.springframework.beans.factory.support.DefaultListableBeanFactory.preInstantiateSingletons(DefaultListableBeanFactory.java:944)
	at org.springframework.context.support.AbstractApplicationContext.finishBeanFactoryInitialization(AbstractApplicationContext.java:918)
	at org.springframework.context.support.AbstractApplicationContext.refresh(AbstractApplicationContext.java:583)
	at org.springframework.boot.web.servlet.context.ServletWebServerApplicationContext.refresh(ServletWebServerApplicationContext.java:145)
	at org.springframework.boot.SpringApplication.refresh(SpringApplication.java:754)
	at org.springframework.boot.SpringApplication.refreshContext(SpringApplication.java:434)
	at org.springframework.boot.SpringApplication.run(SpringApplication.java:338)
	at org.springframework.boot.SpringApplication.run(SpringApplication.java:1343)
	at org.springframework.boot.SpringApplication.run(SpringApplication.java:1332)
	at cinema.Main.main(Main.java:9)

Please find below the output of your program during this failed test.

---

.   ____          _            __ _ _
 /\\ / ___'_ __ _ _(_)_ __  __ _ \ \ \ \
( ( )\___ | '_ | '_| | '_ \/ _` | \ \ \ \
 \\/  ___)| |_)| | | | | || (_| |  ) ) ) )
  '  |____| .__|_| |_|_| |_\__, | / / / /
 =========|_|==============|___/=/_/_/_/
 :: Spring Boot ::                (v2.5.6)

2022-07-25 20:58:50.432  INFO 6840 --- [    Test worker] cinema.Main                              : Starting Main using Java 17.0.4 on DESKTOP-S3MUJV9 with PID 6840 (started by 19412 in C:\Users\19412\Desktop\Cinema Room REST Service\Cinema Room REST Service\task)
2022-07-25 20:58:50.440  INFO 6840 --- [    Test worker] cinema.Main                              : No active profile set, falling back to default profiles: default
2022-07-25 20:58:52.477  INFO 6840 --- [    Test worker] o.s.b.w.embedded.tomcat.TomcatWebServer  : Tomcat initialized with port(s): 28852 (http)
2022-07-25 20:58:52.500  INFO 6840 --- [    Test worker] o.apache.catalina.core.StandardService   : Starting service [Tomcat]
2022-07-25 20:58:52.500  INFO 6840 --- [    Test worker] org.apache.catalina.core.StandardEngine  : Starting Servlet engine: [Apache Tomcat/9.0.54]
2022-07-25 20:58:52.642  INFO 6840 --- [    Test worker] o.a.c.c.C.[Tomcat].[localhost].[/]       : Initializing Spring embedded WebApplicationContext
2022-07-25 20:58:52.642  INFO 6840 --- [    Test worker] w.s.c.ServletWebServerApplicationContext : Root WebApplicationContext: initialization completed in 2103 ms
2022-07-25 20:58:52.962  WARN 6840 --- [    Test worker] ConfigServletWebServerApplicationContext : Exception encountered during context initialization - cancelling refresh attempt: org.springframework.beans.factory.UnsatisfiedDependencyException: Error creating bean with name 'cinemaController' defined in file [C:\Users\19412\Desktop\Cinema Room REST Service\Cinema Room REST Service\task\build\classes\java\main\cinema\controller\CinemaController.class]: Unsatisfied dependency expressed through constructor parameter 0; nested exception is org.springframework.beans.factory.NoSuchBeanDefinitionException: No qualifying bean of type 'cinema.model.Cinema' available: expected at least 1 bean which qualifies as autowire candidate. Dependency annotations: {}
2022-07-25 20:58:52.970  INFO 6840 --- [    Test worker] o.apache.catalina.core.StandardService   : Stopping service [Tomcat]
2022-07-25 20:58:52.996  INFO 6840 --- [    Test worker] ConditionEvaluationReportLoggingListener : 

Error starting ApplicationContext. To display the conditions report re-run your application with 'debug' enabled.
2022-07-25 20:58:53.029 ERROR 6840 --- [    Test worker] o.s.b.d.LoggingFailureAnalysisReporter   : 

***************************
APPLICATION FAILED TO START
***************************

Description:

Parameter 0 of constructor in cinema.controller.CinemaController required a bean of type 'cinema.model.Cinema' that could not be found.


Action:

Consider defining a bean of type 'cinema.model.Cinema' in your configuration.
	at org.junit.Assert.fail(Assert.java:89)
	at org.hyperskill.hstest.stage.StageTest.start(StageTest.java:155)
	at java.base/jdk.internal.reflect.NativeMethodAccessorImpl.invoke0(Native Method)
	at java.base/jdk.internal.reflect.NativeMethodAccessorImpl.invoke(NativeMethodAccessorImpl.java:77)
	at java.base/jdk.internal.reflect.DelegatingMethodAccessorImpl.invoke(DelegatingMethodAccessorImpl.java:43)
	at java.base/java.lang.reflect.Method.invoke(Method.java:568)
	at org.junit.runners.model.FrameworkMethod$1.runReflectiveCall(FrameworkMethod.java:59)
	at org.junit.internal.runners.model.ReflectiveCallable.run(ReflectiveCallable.java:12)
	at org.junit.runners.model.FrameworkMethod.invokeExplosively(FrameworkMethod.java:56)
	at org.junit.internal.runners.statements.InvokeMethod.evaluate(InvokeMethod.java:17)
	at org.junit.internal.runners.statements.RunAfters.evaluate(RunAfters.java:27)
	at org.junit.runners.ParentRunner$3.evaluate(ParentRunner.java:306)
	at org.junit.runners.BlockJUnit4ClassRunner$1.evaluate(BlockJUnit4ClassRunner.java:100)
	at org.junit.runners.ParentRunner.runLeaf(ParentRunner.java:366)
	at org.junit.runners.BlockJUnit4ClassRunner.runChild(BlockJUnit4ClassRunner.java:103)
	at org.junit.runners.BlockJUnit4ClassRunner.runChild(BlockJUnit4ClassRunner.java:63)
	at org.junit.runners.ParentRunner$4.run(ParentRunner.java:331)
	at org.junit.runners.ParentRunner$1.schedule(ParentRunner.java:79)
	at org.junit.runners.ParentRunner.runChildren(ParentRunner.java:329)
	at org.junit.runners.ParentRunner.access$100(ParentRunner.java:66)
	at org.junit.runners.ParentRunner$2.evaluate(ParentRunner.java:293)
	at org.junit.runners.ParentRunner$3.evaluate(ParentRunner.java:306)
	at org.junit.runners.ParentRunner.run(ParentRunner.java:413)
	at org.gradle.api.internal.tasks.testing.junit.JUnitTestClassExecutor.runTestClass(JUnitTestClassExecutor.java:110)
	at org.gradle.api.internal.tasks.testing.junit.JUnitTestClassExecutor.execute(JUnitTestClassExecutor.java:58)
	at org.gradle.api.internal.tasks.testing.junit.JUnitTestClassExecutor.execute(JUnitTestClassExecutor.java:38)
	at org.gradle.api.internal.tasks.testing.junit.AbstractJUnitTestClassProcessor.processTestClass(AbstractJUnitTestClassProcessor.java:62)
	at org.gradle.api.internal.tasks.testing.SuiteTestClassProcessor.processTestClass(SuiteTestClassProcessor.java:51)
	at java.base/jdk.internal.reflect.NativeMethodAccessorImpl.invoke0(Native Method)
	at java.base/jdk.internal.reflect.NativeMethodAccessorImpl.invoke(NativeMethodAccessorImpl.java:77)
	at java.base/jdk.internal.reflect.DelegatingMethodAccessorImpl.invoke(DelegatingMethodAccessorImpl.java:43)
	at java.base/java.lang.reflect.Method.invoke(Method.java:568)
	at org.gradle.internal.dispatch.ReflectionDispatch.dispatch(ReflectionDispatch.java:36)
	at org.gradle.internal.dispatch.ReflectionDispatch.dispatch(ReflectionDispatch.java:24)
	at org.gradle.internal.dispatch.ContextClassLoaderDispatch.dispatch(ContextClassLoaderDispatch.java:33)
	at org.gradle.internal.dispatch.ProxyDispatchAdapter$DispatchingInvocationHandler.invoke(ProxyDispatchAdapter.java:94)
	at jdk.proxy1/jdk.proxy1.$Proxy2.processTestClass(Unknown Source)
	at org.gradle.api.internal.tasks.testing.worker.TestWorker$2.run(TestWorker.java:176)
	at org.gradle.api.internal.tasks.testing.worker.TestWorker.executeAndMaintainThreadName(TestWorker.java:129)
	at org.gradle.api.internal.tasks.testing.worker.TestWorker.execute(TestWorker.java:100)
	at org.gradle.api.internal.tasks.testing.worker.TestWorker.execute(TestWorker.java:60)
	at org.gradle.process.internal.worker.child.ActionExecutionWorker.execute(ActionExecutionWorker.java:56)
	at org.gradle.process.internal.worker.child.SystemApplicationClassLoaderWorker.call(SystemApplicationClassLoaderWorker.java:133)
	at org.gradle.process.internal.worker.child.SystemApplicationClassLoaderWorker.call(SystemApplicationClassLoaderWorker.java:71)
	at worker.org.gradle.process.internal.worker.GradleWorkerMain.run(GradleWorkerMain.java:69)
	at worker.org.gradle.process.internal.worker.GradleWorkerMain.main(GradleWorkerMain.java:74)
</failure>
  </testcase>
  <system-out><![CDATA[?[1;31m
Start test 1?[0m

  .   ____          _            __ _ _
 /\\ / ___'_ __ _ _(_)_ __  __ _ \ \ \ \
( ( )\___ | '_ | '_| | '_ \/ _` | \ \ \ \
 \\/  ___)| |_)| | | | | || (_| |  ) ) ) )
  '  |____| .__|_| |_|_| |_\__, | / / / /
 =========|_|==============|___/=/_/_/_/
 :: Spring Boot ::                (v2.5.6)

2022-07-25 20:58:50.432  INFO 6840 --- [    Test worker] cinema.Main                              : Starting Main using Java 17.0.4 on DESKTOP-S3MUJV9 with PID 6840 (started by 19412 in C:\Users\19412\Desktop\Cinema Room REST Service\Cinema Room REST Service\task)
2022-07-25 20:58:50.440  INFO 6840 --- [    Test worker] cinema.Main                              : No active profile set, falling back to default profiles: default
2022-07-25 20:58:52.477  INFO 6840 --- [    Test worker] o.s.b.w.embedded.tomcat.TomcatWebServer  : Tomcat initialized with port(s): 28852 (http)
2022-07-25 20:58:52.500  INFO 6840 --- [    Test worker] o.apache.catalina.core.StandardService   : Starting service [Tomcat]
2022-07-25 20:58:52.500  INFO 6840 --- [    Test worker] org.apache.catalina.core.StandardEngine  : Starting Servlet engine: [Apache Tomcat/9.0.54]
2022-07-25 20:58:52.642  INFO 6840 --- [    Test worker] o.a.c.c.C.[Tomcat].[localhost].[/]       : Initializing Spring embedded WebApplicationContext
2022-07-25 20:58:52.642  INFO 6840 --- [    Test worker] w.s.c.ServletWebServerApplicationContext : Root WebApplicationContext: initialization completed in 2103 ms
2022-07-25 20:58:52.962  WARN 6840 --- [    Test worker] ConfigServletWebServerApplicationContext : Exception encountered during context initialization - cancelling refresh attempt: org.springframework.beans.factory.UnsatisfiedDependencyException: Error creating bean with name 'cinemaController' defined in file [C:\Users\19412\Desktop\Cinema Room REST Service\Cinema Room REST Service\task\build\classes\java\main\cinema\controller\CinemaController.class]: Unsatisfied dependency expressed through constructor parameter 0; nested exception is org.springframework.beans.factory.NoSuchBeanDefinitionException: No qualifying bean of type 'cinema.model.Cinema' available: expected at least 1 bean which qualifies as autowire candidate. Dependency annotations: {}
2022-07-25 20:58:52.970  INFO 6840 --- [    Test worker] o.apache.catalina.core.StandardService   : Stopping service [Tomcat]
2022-07-25 20:58:52.996  INFO 6840 --- [    Test worker] ConditionEvaluationReportLoggingListener : 

Error starting ApplicationContext. To display the conditions report re-run your application with 'debug' enabled.
2022-07-25 20:58:53.029 ERROR 6840 --- [    Test worker] o.s.b.d.LoggingFailureAnalysisReporter   : 

***************************
APPLICATION FAILED TO START
***************************

Description:

Parameter 0 of constructor in cinema.controller.CinemaController required a bean of type 'cinema.model.Cinema' that could not be found.


Action:

Consider defining a bean of type 'cinema.model.Cinema' in your configuration.

]]></system-out>
  <system-err><![CDATA[]]></system-err>
</testsuite>
